running system report
System report created sucessfully
addding log files to git
Checking bash syntax
syntax check passed
post comit hook ran
latest commit
f23c1c8 automatic system report 2026-07-22 12:34:43
[master f23c1c8] automatic system report 2026-07-22 12:34:43
 2 files changed, 19 insertions(+)
 create mode 100644 logs/cron.log
log commited
automation done
running system report
System report created sucessfully
addding log files to git
Checking bash syntax
syntax check passed
post comit hook ran
latest commit
f265134 automatic system report 2026-07-22 12:35:01
[master f265134] automatic system report 2026-07-22 12:35:01
 2 files changed, 29 insertions(+)
log commited
automation done
running system report
System report created sucessfully
addding log files to git
Checking bash syntax
syntax check passed
post comit hook ran
latest commit
a905e27 automatic system report 2026-07-22 12:40:01
[master a905e27] automatic system report 2026-07-22 12:40:01
 2 files changed, 28 insertions(+)
log commited
automation done
running system report
System report created sucessfully
addding log files to git
Checking bash syntax
syntax check passed
post comit hook ran
latest commit
706c045 automatic system report 2026-07-22 12:45:01
[master 706c045] automatic system report 2026-07-22 12:45:01
 2 files changed, 28 insertions(+)
log commited
automation done
running system report
System report created sucessfully
addding log files to git
Checking bash syntax
syntax check passed
post comit hook ran
latest commit
0f95438 automatic system report 2026-07-22 12:50:01
[master 0f95438] automatic system report 2026-07-22 12:50:01
 2 files changed, 28 insertions(+)
log commited
automation done
running system report
System report created sucessfully
addding log files to git
Checking bash syntax
syntax check passed
post comit hook ran
latest commit
d186e67 automatic system report 2026-07-22 12:55:01
[master d186e67] automatic system report 2026-07-22 12:55:01
 2 files changed, 28 insertions(+)
log commited
automation done
running system report
System report created sucessfully
addding log files to git
